<?xml version="1.0" encoding="UTF-8"?>
<!-- Generated by org.testng.reporters.JUnitXMLReporter -->
<testsuite ignored="0" hostname="DESKTOP-G7826BS" failures="0" tests="2" name="vlaidation test" time="0.064" errors="0" timestamp="2026-09-13T12:19:19 IST">
  <testcase classname="Utility.Baseclass" name="@BeforeMethod LaunchApp" time="-1.789282159274E9">
    <failure type="org.testng.TestNGException" message="
Parameter &amp;apos;browser&amp;apos; is required by BeforeMethod on method LaunchApp but has not been marked @Optional or defined
in D:\Automation\HybridFramework\src\test\java\Utility\Suite.xml">
      <![CDATA[org.testng.TestNGException: 
Parameter 'browser' is required by BeforeMethod on method LaunchApp but has not been marked @Optional or defined
in D:\Automation\HybridFramework\src\test\java\Utility\Suite.xml
at java.base/java.util.concurrent.Executors$RunnableAdapter.call(Executors.java:515)
at java.base/java.util.concurrent.FutureTask.run(FutureTask.java:264)
at java.base/java.util.concurrent.ThreadPoolExecutor.runWorker(ThreadPoolExecutor.java:1130)
at java.base/java.util.concurrent.ThreadPoolExecutor$Worker.run(ThreadPoolExecutor.java:630)
at java.base/java.lang.Thread.run(Thread.java:831)
... Removed 14 stack frames]]>
    </failure>
  </testcase> <!-- @BeforeMethod LaunchApp -->
  <testcase classname="Utility.Baseclass" name="@BeforeMethod LaunchApp" time="-1.789282159274E9">
    <failure type="org.testng.TestNGException" message="
Parameter &amp;apos;browser&amp;apos; is required by BeforeMethod on method LaunchApp but has not been marked @Optional or defined
in D:\Automation\HybridFramework\src\test\java\Utility\Suite.xml">
      <![CDATA[org.testng.TestNGException: 
Parameter 'browser' is required by BeforeMethod on method LaunchApp but has not been marked @Optional or defined
in D:\Automation\HybridFramework\src\test\java\Utility\Suite.xml
at java.base/java.util.concurrent.Executors$RunnableAdapter.call(Executors.java:515)
at java.base/java.util.concurrent.FutureTask.run(FutureTask.java:264)
at java.base/java.util.concurrent.ThreadPoolExecutor.runWorker(ThreadPoolExecutor.java:1130)
at java.base/java.util.concurrent.ThreadPoolExecutor$Worker.run(ThreadPoolExecutor.java:630)
at java.base/java.lang.Thread.run(Thread.java:831)
... Removed 14 stack frames]]>
    </failure>
  </testcase> <!-- @BeforeMethod LaunchApp -->
  <testcase classname="Test_Runner.AdminRunner" name="@BeforeMethod initPage" time="0.0">
    <skipped/>
  </testcase> <!-- @BeforeMethod initPage -->
  <testcase classname="Test_Runner.AdminRunner" name="@BeforeMethod initPage" time="0.0">
    <skipped/>
  </testcase> <!-- @BeforeMethod initPage -->
  <testcase classname="Utility.Baseclass" name="@AfterMethod close" time="0.0">
    <skipped/>
  </testcase> <!-- @AfterMethod close -->
  <testcase classname="Utility.Baseclass" name="@AfterMethod close" time="0.0">
    <skipped/>
  </testcase> <!-- @AfterMethod close -->
  <testcase classname="Test_Runner.AdminRunner" name="ValidateAdminFunctionlity" time="0.0">
    <skipped/>
  </testcase> <!-- ValidateAdminFunctionlity -->
  <testcase classname="Test_Runner.AdminRunner" name="UservalidateusernameClear" time="0.0">
    <skipped/>
  </testcase> <!-- UservalidateusernameClear -->
</testsuite> <!-- vlaidation test -->
