<?xml version="1.0" encoding="UTF-8"?>
<!-- Generated by org.testng.reporters.JUnitXMLReporter -->
<testsuite ignored="1" hostname="DESKTOP-G7826BS" failures="0" tests="3" name="User check Admin Module and login module" time="43.713" errors="0" timestamp="2026-09-13T16:24:30 IST">
  <testcase classname="Test_Runner.AdminRunner" name="UservalidateusernameClear" time="0.87"/>
  <testcase classname="Test_Runner.AdminRunner" name="ValidateAdminFunctionlity" time="6.875"/>
  <testcase classname="Test_Runner.LeaveRunner" name="Leave_functionlity" time="17.974"/>
  <testcase classname="Utility.Baseclass" name="@BeforeSuite BeforeSuitmehtod" time="0.0">
    <ignored/>
  </testcase> <!-- @BeforeSuite BeforeSuitmehtod -->
</testsuite> <!-- User check Admin Module and login module -->
