<?xml version="1.0" encoding="UTF-8"?>
<!-- Generated by org.testng.reporters.JUnitReportReporter -->
<testsuite hostname="DESKTOP-G7826BS" failures="0" tests="2" name="Test_Runner.AdminRunner" time="21.153" errors="0" timestamp="2026-09-14T07:51:38 IST" skipped="0">
  <testcase classname="Test_Runner.AdminRunner" name="UservalidateusernameClear" time="5.960"/>
  <testcase classname="Test_Runner.AdminRunner" name="ValidateAdminFunctionlity" time="15.193"/>
</testsuite> <!-- Test_Runner.AdminRunner -->
